[14:18:17][DEBUG] : Loading settings...
[14:18:17][DEBUG] : System.IO compression works: True, test time: 6 ms.
[14:18:17][DEBUG] : Loading plugins!
[14:18:17][DEBUG] : Done!
[14:18:17][INFO] : Starting DMPServer v0.2.4.1, protocol 45
[14:18:17][INFO] : Loading universe... 
[14:18:17][INFO] : Starting SUBSPACE server on port 6702... 
[14:18:17][DEBUG] : Terminal may be not attached or broken, Exiting out of command handler
[14:18:17][INFO] : Removed 0 debris
[14:18:17][INFO] : Ready!
[14:48:17][INFO] : Removed 0 debris
[15:18:17][INFO] : Removed 0 debris
[15:48:17][INFO] : Removed 0 debris
[16:18:17][INFO] : Removed 0 debris
[16:48:17][INFO] : Removed 0 debris
[17:18:17][INFO] : Removed 0 debris
[17:48:17][INFO] : Removed 0 debris
[18:18:17][INFO] : Removed 0 debris
[18:48:17][INFO] : Removed 0 debris
[19:18:17][INFO] : Removed 0 debris
[19:48:17][INFO] : Removed 0 debris
[20:18:17][INFO] : Removed 0 debris
[20:48:17][INFO] : Removed 0 debris
[21:18:17][INFO] : Removed 0 debris
[21:48:17][INFO] : Removed 0 debris
[22:18:17][INFO] : Removed 0 debris
[22:48:17][INFO] : Removed 0 debris
[23:18:17][INFO] : Removed 0 debris
[23:48:17][INFO] : Removed 0 debris
