[08:31:59][DEBUG] : Loading settings...
[08:31:59][DEBUG] : System.IO compression works: True, test time: 6 ms.
[08:31:59][DEBUG] : Loading plugins!
[08:31:59][DEBUG] : Done!
[08:31:59][INFO] : Starting DMPServer v0.2.4.1, protocol 45
[08:31:59][INFO] : Loading universe... 
[08:31:59][INFO] : Starting SUBSPACE server on port 6702... 
[08:31:59][DEBUG] : Terminal may be not attached or broken, Exiting out of command handler
[08:31:59][INFO] : Removed 0 debris
[08:32:00][INFO] : Ready!
[09:01:59][INFO] : Removed 0 debris
[09:31:59][INFO] : Removed 0 debris
[10:01:59][INFO] : Removed 0 debris
[10:31:59][INFO] : Removed 0 debris
[11:01:59][INFO] : Removed 0 debris
[11:31:59][INFO] : Removed 0 debris
[12:01:59][INFO] : Removed 0 debris
[12:31:59][INFO] : Removed 0 debris
[13:01:59][INFO] : Removed 0 debris
[13:31:59][INFO] : Removed 0 debris
[14:01:59][INFO] : Removed 0 debris
[14:31:59][INFO] : Removed 0 debris
[15:01:59][INFO] : Removed 0 debris
[15:31:59][INFO] : Removed 0 debris
[16:01:59][INFO] : Removed 0 debris
[16:31:59][INFO] : Removed 0 debris
[17:01:59][INFO] : Removed 0 debris
[17:31:59][INFO] : Removed 0 debris
[18:01:59][INFO] : Removed 0 debris
[18:31:59][INFO] : Removed 0 debris
[19:01:59][INFO] : Removed 0 debris
[19:31:59][INFO] : Removed 0 debris
[20:01:59][INFO] : Removed 0 debris
[20:31:59][INFO] : Removed 0 debris
[21:01:59][INFO] : Removed 0 debris
[21:31:59][INFO] : Removed 0 debris
